[20:45:38.778] [INFO] Storybook Upgrade - v9.1.2
[20:45:38.858] [INFO] detect-projects-spinner-start: Detecting projects...
[20:45:38.860] [DEBUG] Finding Storybook projects...
[20:46:44.997] [DEBUG] Found 1 Storybook projects
[20:46:45.000] [INFO] detect-projects-spinner: Detecting projects: 1 projects
[20:46:45.001] [DEBUG] Getting Storybook data...
[20:46:45.002] [DEBUG] Getting Storybook info...
[20:46:45.005] [DEBUG] Loading main config...
[20:46:45.113] [DEBUG] Getting stories paths...
[20:46:45.139] [DEBUG] Getting package manager...
[20:46:45.487] [DEBUG] Getting Storybook version...
[20:46:45.488] [DEBUG] D:/__Git/yp_37/11_sprint/stellar-burgers/.storybook - Validating before version... 7.6.10
[20:46:45.488] [DEBUG] D:/__Git/yp_37/11_sprint/stellar-burgers/.storybook - Validating upgrade compatibility...
[20:46:45.489] [DEBUG] D:/__Git/yp_37/11_sprint/stellar-burgers/.storybook - Fetching NPM version information...
[20:46:45.489] [DEBUG] Getting CLI versions from NPM for storybook...
[20:46:45.504] [DEBUG] Getting CLI versions from NPM for storybook@next...
[20:46:46.566] [DEBUG] D:/__Git/yp_37/11_sprint/stellar-burgers/.storybook - Evaluating blockers...
[20:46:46.569] [DEBUG] Getting installed version for @storybook/experimental-addon-test...
[20:46:48.278] [INFO] detect-projects-spinner-stop: 1 project detected
[20:46:48.279] [DEBUG] Found 1 valid projects and 0 error projects
[20:46:48.279] [INFO] Upgrading from 7.6.10 to 9.1.2
[20:46:48.346] [INFO] upgrade-dependencies-task-start: Fetching versions to update package.json files..
[20:46:48.346] [DEBUG] Updating dependencies in D:/__Git/yp_37/11_sprint/stellar-burgers/.storybook...
[20:46:48.410] [INFO] upgrade-dependencies-task: \package.json
[20:46:48.411] [DEBUG] {
  "upgradedDependencies": []
}
[20:46:48.411] [DEBUG] {
  "upgradedDevDependencies": [
    "@storybook/addon-links@^9.1.2",
    "@storybook/addon-onboarding@^9.1.2",
    "@storybook/react@^9.1.2",
    "@storybook/react-webpack5@^9.1.2",
    "eslint-plugin-storybook@^9.1.2",
    "storybook@^9.1.2"
  ]
}
[20:46:48.411] [DEBUG] {
  "upgradedPeerDependencies": []
}
[20:46:48.413] [DEBUG] Getting CLI versions from NPM for @storybook/addon-links...
[20:46:49.472] [DEBUG] Getting CLI versions from NPM for @storybook/addon-onboarding...
[20:46:50.529] [DEBUG] Getting CLI versions from NPM for @storybook/react...
[20:46:51.699] [DEBUG] Getting CLI versions from NPM for @storybook/react-webpack5...
[20:46:52.765] [DEBUG] Getting CLI versions from NPM for eslint-plugin-storybook...
[20:46:53.639] [DEBUG] Using cached version for storybook...
[20:46:53.640] [INFO] upgrade-dependencies-task-success: Updated package versions in package.json files
[20:46:53.641] [INFO] detect-automigrations-task-start: Detecting automigrations...
[20:46:53.642] [DEBUG] Starting automigration collection across 1 projects and 15 fixes...
[20:46:53.706] [INFO] detect-automigrations-task: Checking automigrations for
D:/__Git/yp_37/11_sprint/stellar-burgers/.storybook...
[20:46:53.706] [DEBUG] Processing project: D:/__Git/yp_37/11_sprint/stellar-burgers/.storybook
[20:46:53.706] [DEBUG] Checking fix eslintPlugin for project D:/__Git/yp_37/11_sprint/stellar-burgers/.storybook...
[20:46:53.711] [DEBUG] Checking fix addon-mdx-gfm-remove for project D:/__Git/yp_37/11_sprint/stellar-burgers/.storybook...
[20:46:53.712] [DEBUG] Checking fix addon-storysource-code-panel for project D:/__Git/yp_37/11_sprint/stellar-burgers/.storybook...
[20:46:53.712] [DEBUG] Checking fix upgrade-storybook-related-dependencies for project D:/__Git/yp_37/11_sprint/stellar-burgers/.storybook...
[20:46:53.712] [DEBUG] Checking for incompatible storybook packages...
[20:46:53.716] [DEBUG] Getting installed version for @storybook/addon-essentials...
[20:46:53.730] [DEBUG] Getting installed version for @storybook/addon-interactions...
[20:46:53.745] [DEBUG] Getting installed version for @storybook/blocks...
[20:46:53.761] [DEBUG] Getting installed version for @storybook/test...
[20:46:53.785] [DEBUG] Getting installed version for storybook-addon-react-router-v6...
[20:46:57.537] [DEBUG] An issue occurred while trying to find dependencies metadata using npm.
[20:46:57.537] [DEBUG] Getting CLI versions from NPM for @storybook/blocks...
[20:46:57.553] [DEBUG] An issue occurred while trying to find dependencies metadata using npm.
[20:46:57.554] [DEBUG] Getting CLI versions from NPM for @storybook/addon-interactions...
[20:46:57.568] [DEBUG] An issue occurred while trying to find dependencies metadata using npm.
[20:46:57.568] [DEBUG] Getting CLI versions from NPM for @storybook/test...
[20:46:57.582] [DEBUG] An issue occurred while trying to find dependencies metadata using npm.
[20:46:57.582] [DEBUG] Getting CLI versions from NPM for storybook-addon-react-router-v6...
[20:46:57.607] [DEBUG] An issue occurred while trying to find dependencies metadata using npm.
[20:46:57.607] [DEBUG] Getting CLI versions from NPM for @storybook/addon-essentials...
[20:46:58.687] [DEBUG] Checking fix initial-globals for project D:/__Git/yp_37/11_sprint/stellar-burgers/.storybook...
[20:46:58.705] [DEBUG] Checking fix addon-a11y-addon-test for project D:/__Git/yp_37/11_sprint/stellar-burgers/.storybook...
[20:46:58.705] [DEBUG] Checking fix consolidated-imports for project D:/__Git/yp_37/11_sprint/stellar-burgers/.storybook...
[20:46:58.706] [DEBUG] Checking fix addon-experimental-test for project D:/__Git/yp_37/11_sprint/stellar-burgers/.storybook...
[20:46:58.706] [DEBUG] Using cached installed version for @storybook/experimental-addon-test...
[20:46:58.706] [DEBUG] Checking fix rnstorybook-config for project D:/__Git/yp_37/11_sprint/stellar-burgers/.storybook...
[20:46:58.706] [DEBUG] Checking fix remove-addon-interactions for project D:/__Git/yp_37/11_sprint/stellar-burgers/.storybook...
[20:46:58.706] [DEBUG] Checking fix renderer-to-framework for project D:/__Git/yp_37/11_sprint/stellar-burgers/.storybook...
[20:46:58.707] [DEBUG] Checking fix remove-essential-addons for project D:/__Git/yp_37/11_sprint/stellar-burgers/.storybook...
[20:46:58.707] [DEBUG] Checking fix addon-a11y-parameters for project D:/__Git/yp_37/11_sprint/stellar-burgers/.storybook...
[20:46:58.707] [DEBUG] Checking fix remove-docs-autodocs for project D:/__Git/yp_37/11_sprint/stellar-burgers/.storybook...
[20:46:58.716] [DEBUG] Checking fix wrap-require for project D:/__Git/yp_37/11_sprint/stellar-burgers/.storybook...
[20:46:58.783] [INFO] detect-automigrations-task: 
Automigrations detected:
[20:46:58.848] [INFO] detect-automigrations-task: ✔ consolidated-imports
[20:46:58.915] [INFO] detect-automigrations-task: ✔ remove-addon-interactions
[20:46:58.979] [INFO] detect-automigrations-task: ✔ renderer-to-framework
[20:46:59.044] [INFO] detect-automigrations-task: ✔ remove-essential-addons
[20:46:59.107] [INFO] detect-automigrations-task: ✔ remove-docs-autodocs
[20:46:59.108] [INFO] detect-automigrations-task-success: 5 automigration(s) detected
[20:51:18.174] [PROMPT] Select automigrations to run {"choice":["consolidated-imports","remove-addon-interactions","renderer-to-framework","remove-essential-addons","remove-docs-autodocs"]}
[20:51:18.175] [INFO] automigrate-D:/__Git/yp_37/11_sprint/stellar-burgers/.storybook-task-start: Running automigrations for D:/__Git/yp_37/11_sprint/stellar-burgers/.storybook
[20:51:18.255] [INFO] automigrate-D:/__Git/yp_37/11_sprint/stellar-burgers/.storybook-task: ✔ consolidated-imports
[20:51:18.263] [DEBUG] Uninstalling @storybook/addon-interactions
[20:51:18.264] [DEBUG] Removing '@storybook/addon-interactions' from main.js addons field.
[20:51:18.335] [INFO] automigrate-D:/__Git/yp_37/11_sprint/stellar-burgers/.storybook-task: ✔ remove-addon-interactions
[20:51:18.336] [DEBUG] 
Migrating @storybook/react to @storybook/react-webpack5
[20:51:18.340] [DEBUG] Updating package.json files...
[20:51:18.407] [INFO] automigrate-D:/__Git/yp_37/11_sprint/stellar-burgers/.storybook-task: ✔ renderer-to-framework
[20:51:18.412] [DEBUG] Uninstalling @storybook/addon-essentials
[20:51:18.412] [DEBUG] Removing '@storybook/addon-essentials' from main.js addons field.
[20:51:18.418] [DEBUG] Getting Storybook info...
[20:51:18.418] [DEBUG] Loading main config...
[20:51:18.429] [DEBUG] Getting stories paths...
[20:51:18.429] [DEBUG] Getting package manager...
[20:51:18.437] [DEBUG] Getting Storybook version...
[20:51:18.515] [INFO] automigrate-D:/__Git/yp_37/11_sprint/stellar-burgers/.storybook-task: Verifying @storybook/addon-docs
[20:51:18.581] [INFO] automigrate-D:/__Git/yp_37/11_sprint/stellar-burgers/.storybook-task: Installing @storybook/addon-docs@^9.1.2
[20:51:18.582] [DEBUG] Getting CLI versions from NPM for @storybook/addon-docs...
[20:51:19.883] [INFO] automigrate-D:/__Git/yp_37/11_sprint/stellar-burgers/.storybook-task: Adding '@storybook/addon-docs' to the "addons" field in
D:\__Git\yp_37\11_sprint\stellar-burgers\.storybook\main.ts
[20:51:19.954] [INFO] automigrate-D:/__Git/yp_37/11_sprint/stellar-burgers/.storybook-task: ✔ remove-essential-addons
[20:51:20.021] [INFO] automigrate-D:/__Git/yp_37/11_sprint/stellar-burgers/.storybook-task: 🔄 Updating docs parameter in main config file...
[20:51:20.092] [INFO] automigrate-D:/__Git/yp_37/11_sprint/stellar-burgers/.storybook-task: ✔ remove-docs-autodocs
[20:51:20.093] [INFO] automigrate-D:/__Git/yp_37/11_sprint/stellar-burgers/.storybook-task-success: Completed automigrations for D:/__Git/yp_37/11_sprint/stellar-burgers/.storybook
[20:51:20.093] [INFO] Installing dependencies...
[20:51:20.094] [INFO] install-dependencies-task-start: Installing dependencies...
[20:52:11.738] [INFO] added 34 packages, removed 337 packages, changed 41 packages, and audited 1680 packages in 51s
[20:52:11.807] [INFO] install-dependencies-task: added 34 packages, removed 337 packages, changed 41 packages, and audited 1680
packages in 51s
[20:52:11.808] [INFO] 268 packages are looking for funding
  run `npm fund` for details

30 vulnerabilities (7 low, 13 moderate, 8 high, 2 critical)

To address issues that do not require attention, run:
  npm audit fix

To address all issues (including breaking changes), run:
  npm audit fix --force

Run `npm audit` for details.
[20:52:11.872] [INFO] install-dependencies-task: 268 packages are looking for funding
run `npm fund` for details

30 vulnerabilities (7 low, 13 moderate, 8 high, 2 critical)

To address issues that do not require attention, run:
npm audit fix

To address all issues (including breaking changes), run:
npm audit fix --force

Run `npm audit` for details.
[20:52:11.873] [INFO] Dependencies installed
[20:52:11.873] [INFO] install-dependencies-task-success: Dependencies installed
[20:52:11.873] [INFO] Checking the health of your project(s)..
[20:52:14.677] [WARN] D:/__Git/yp_37/11_sprint/stellar-burgers/.storybook: 1 issue found
[20:52:14.740] [INFO] You are currently using Storybook 9.1.2 but you have packages which are incompatible with it:

- storybook-addon-react-router-v6@2.0.10 which depends on ^7.0.0
 Repo: https://github.com/JesusTheHun/storybook-addon-react-router-v6#readme

Please consider updating your packages or contacting the maintainers for compatibility details.

For more on Storybook 9 compatibility, see the linked GitHub issue:
https://github.com/storybookjs/storybook/issues/30944
[20:52:14.740] [INFO] Incompatible Packages
[20:52:14.805] [INFO] You are currently using Storybook 9.1.2 but you have packages which are incompatible with it:

- storybook-addon-react-router-v6@2.0.10 which depends on ^7.0.0
 Repo: https://github.com/JesusTheHun/storybook-addon-react-router-v6#readme

Please consider updating your packages or contacting the maintainers for compatibility details.

For more on Storybook 9 compatibility, see the linked GitHub issue:
https://github.com/storybookjs/storybook/issues/30944
[20:52:14.872] [INFO] Storybook doctor is complete!
[20:52:14.937] [INFO] You can always recheck the health of your project(s) by running:
npx storybook doctor
[20:52:15.003] [INFO] The upgrade is complete!
[20:52:15.083] [INFO] Your project(s) have been upgraded successfully, but some issues were found which need your attention, please check Storybook doctor logs above.
[20:52:15.460] [INFO] If you want to learn more about the automigrations that executed in your project(s), please check the following links:

• consolidated-imports
• remove-addon-interactions
• renderer-to-framework
• remove-essential-addons
• remove-docs-autodocs
[20:52:15.523] [INFO] For a full list of changes, please check our migration guide: https://storybook.js.org/docs/migration-guide
[20:52:15.589] [INFO] Attention: Storybook now collects completely anonymous telemetry regarding usage. This information is used to shape Storybook's roadmap and prioritize features.
[20:52:15.653] [INFO] You can learn more, including how to opt-out if you'd not like to participate in this anonymous program, by visiting the following URL:
[20:52:15.717] [INFO] https://storybook.js.org/telemetry
[20:52:15.779] [INFO] 